2017-09-14 16:30:49.928  Information  Microsoft.AspNetCore.Hosting.Internal.WebHost  Information: Request starting HTTP/1.1 GET http://localhost:27644/  
2017-09-14 16:30:50.269  Information  Microsoft.AspNetCore.Mvc.Internal.ControllerActionInvoker  Information: Executing action method AdminSite.Controllers.HomeController.Index (AdminSite) with arguments ((null)) - ModelState is Valid
2017-09-14 16:30:50.290  Debug  AdminSite.Controllers.HomeController  Debug: new loggerProvider
2017-09-14 16:30:53.317  Information  Microsoft.AspNetCore.Mvc.ViewFeatures.Internal.ViewResultExecutor  Information: Executing ViewResult, running view at path /Views/Home/Index.cshtml.
2017-09-14 16:30:54.509  Information  Microsoft.EntityFrameworkCore.Database.Command  Information: Executed DbCommand (50ms) [Parameters=[], CommandType='Text', CommandTimeout='30']
SELECT [a].[ID], [a].[ActionName], [a].[ApplicationID], [a].[AreaName], [a].[Code], [a].[ControllerName], [a].[CreateDate], [a].[Description], [a].[IconCss], [a].[IsNav], [a].[Name], [a].[ParentID], [a].[PyCode], [a].[ShowIndex]
FROM [Menu] AS [a]
2017-09-14 16:30:54.634  Information  Microsoft.EntityFrameworkCore.Database.Command  Information: Executed DbCommand (21ms) [Parameters=[], CommandType='Text', CommandTimeout='30']
SELECT [a].[ID], [a].[Code], [a].[CreateDate], [a].[Description], [a].[Name], [a].[PyCode], [a].[ShowIndex]
FROM [Application] AS [a]
2017-09-14 16:30:54.861  Information  Microsoft.EntityFrameworkCore.Database.Command  Information: Executed DbCommand (1ms) [Parameters=[], CommandType='Text', CommandTimeout='30']
SELECT [a].[ID], [a].[ActionName], [a].[ApplicationID], [a].[AreaName], [a].[Code], [a].[ControllerName], [a].[CreateDate], [a].[Description], [a].[IconCss], [a].[IsNav], [a].[Name], [a].[ParentID], [a].[PyCode], [a].[ShowIndex]
FROM [Menu] AS [a]
2017-09-14 16:30:55.223  Information  Microsoft.AspNetCore.Mvc.Internal.ControllerActionInvoker  Information: Executed action AdminSite.Controllers.HomeController.Index (AdminSite) in 4959.8487ms
2017-09-14 16:30:55.278  Information  Microsoft.AspNetCore.Hosting.Internal.WebHost  Information: Request finished in 5357.8584ms 200 text/html; charset=utf-8
2017-09-14 16:30:59.525  Information  Microsoft.AspNetCore.Hosting.Internal.WebHost  Information: Request starting HTTP/1.1 GET http://localhost:27644/Menu/Index  
2017-09-14 16:30:59.611  Information  Microsoft.AspNetCore.Mvc.Internal.ControllerActionInvoker  Information: Executing action method AdminSite.Controllers.MenuController.Index (AdminSite) with arguments (1) - ModelState is Valid
2017-09-14 16:30:59.797  Information  Microsoft.EntityFrameworkCore.Database.Command  Information: Executed DbCommand (84ms) [Parameters=[@__p_0='?', @__p_1='?'], CommandType='Text', CommandTimeout='30']
SELECT [n].[ID], [n.ApplicationID_Model].[Name] AS [ApplicationName], [n].[ActionName], [n].[ApplicationID], [n].[PyCode], [n].[Code], [n].[ControllerName], [n].[CreateDate], [n].[Description], [n].[IconCss], [n].[IsNav], [n].[Name], [n].[ShowIndex], [n].[ParentID], CASE
    WHEN [n].[ParentID] = '00000000-0000-0000-0000-000000000000'
    THEN N'--根目录--' ELSE (
        SELECT TOP(1) [a].[Name]
        FROM [Menu] AS [a]
        WHERE [a].[ID] = [n].[ParentID]
    )
END AS [ParentMenuName]
FROM [Menu] AS [n]
INNER JOIN [Application] AS [n.ApplicationID_Model] ON [n].[ApplicationID] = [n.ApplicationID_Model].[ID]
ORDER BY [n].[ShowIndex]
OFFSET @__p_0 ROWS FETCH NEXT @__p_1 ROWS ONLY
2017-09-14 16:30:59.835  Information  Microsoft.EntityFrameworkCore.Database.Command  Information: Executed DbCommand (2ms) [Parameters=[], CommandType='Text', CommandTimeout='30']
SELECT COUNT(*)
FROM [Menu] AS [n]
INNER JOIN [Application] AS [n.ApplicationID_Model] ON [n].[ApplicationID] = [n.ApplicationID_Model].[ID]
2017-09-14 16:31:00.279  Information  Microsoft.AspNetCore.Mvc.ViewFeatures.Internal.ViewResultExecutor  Information: Executing ViewResult, running view at path /Views/Menu/Index.cshtml.
2017-09-14 16:31:00.980  Information  Microsoft.EntityFrameworkCore.Database.Command  Information: Executed DbCommand (1ms) [Parameters=[], CommandType='Text', CommandTimeout='30']
SELECT [a].[ID], [a].[ActionName], [a].[ApplicationID], [a].[AreaName], [a].[Code], [a].[ControllerName], [a].[CreateDate], [a].[Description], [a].[IconCss], [a].[IsNav], [a].[Name], [a].[ParentID], [a].[PyCode], [a].[ShowIndex]
FROM [Menu] AS [a]
2017-09-14 16:31:00.994  Information  Microsoft.EntityFrameworkCore.Database.Command  Information: Executed DbCommand (1ms) [Parameters=[], CommandType='Text', CommandTimeout='30']
SELECT [a].[ID], [a].[Code], [a].[CreateDate], [a].[Description], [a].[Name], [a].[PyCode], [a].[ShowIndex]
FROM [Application] AS [a]
2017-09-14 16:31:01.004  Information  Microsoft.EntityFrameworkCore.Database.Command  Information: Executed DbCommand (0ms) [Parameters=[], CommandType='Text', CommandTimeout='30']
SELECT [a].[ID], [a].[ActionName], [a].[ApplicationID], [a].[AreaName], [a].[Code], [a].[ControllerName], [a].[CreateDate], [a].[Description], [a].[IconCss], [a].[IsNav], [a].[Name], [a].[ParentID], [a].[PyCode], [a].[ShowIndex]
FROM [Menu] AS [a]
2017-09-14 16:31:01.053  Information  Microsoft.AspNetCore.Mvc.Internal.ControllerActionInvoker  Information: Executed action AdminSite.Controllers.MenuController.Index (AdminSite) in 1465.3794ms
2017-09-14 16:31:01.069  Information  Microsoft.AspNetCore.Hosting.Internal.WebHost  Information: Request finished in 1537.3361ms 200 text/html; charset=utf-8
2017-09-14 16:31:01.116  Information  Microsoft.AspNetCore.Hosting.Internal.WebHost  Information: Request starting HTTP/1.1 GET http://localhost:27644/lib/ztree.3.5.26/jquery.ztree.intput.select.js  
2017-09-14 16:31:01.116  Information  Microsoft.AspNetCore.Hosting.Internal.WebHost  Information: Request starting HTTP/1.1 GET http://localhost:27644/pages/menu/menu.index.js?v=1.0.0.0  
2017-09-14 16:31:01.156  Information  Microsoft.AspNetCore.StaticFiles.StaticFileMiddleware  Information: The file /lib/ztree.3.5.26/jquery.ztree.intput.select.js was not modified
2017-09-14 16:31:01.162  Information  Microsoft.AspNetCore.StaticFiles.StaticFileMiddleware  Information: Sending file. Request path: '/pages/menu/menu.index.js'. Physical path: 'D:\GitSource\OpenNetCore\YXL.OpenNetCore\AdminSite\wwwroot\pages\menu\menu.index.js'
2017-09-14 16:31:01.235  Information  Microsoft.AspNetCore.Hosting.Internal.WebHost  Information: Request finished in 79.8222ms 304 application/javascript
2017-09-14 16:31:01.238  Information  Microsoft.AspNetCore.Hosting.Internal.WebHost  Information: Request finished in 67.056ms 200 application/javascript
2017-09-14 16:31:01.394  Information  Microsoft.AspNetCore.Hosting.Internal.WebHost  Information: Request starting HTTP/1.1 POST http://localhost:27644/Menu/QueryJson application/x-www-form-urlencoded; charset=UTF-8 10
2017-09-14 16:31:01.433  Information  Microsoft.AspNetCore.Mvc.Internal.ControllerActionInvoker  Information: Executing action method AdminSite.Controllers.MenuController.QueryJson (AdminSite) with arguments (, True) - ModelState is Valid
2017-09-14 16:31:01.465  Information  Microsoft.EntityFrameworkCore.Database.Command  Information: Executed DbCommand (4ms) [Parameters=[@__isNav_Value_0='?'], CommandType='Text', CommandTimeout='30']
SELECT [a].[ID], [a].[ParentID] AS [pId], [a].[Name]
FROM [Menu] AS [a]
WHERE [a].[IsNav] = @__isNav_Value_0
2017-09-14 16:31:01.489  Information  Microsoft.AspNetCore.Mvc.Formatters.Json.Internal.JsonResultExecutor  Information: Executing JsonResult, writing value System.Collections.Generic.List`1[<>f__AnonymousType1`4[System.Guid,System.Guid,System.String,System.Boolean]].
2017-09-14 16:31:01.627  Information  Microsoft.AspNetCore.Mvc.Internal.ControllerActionInvoker  Information: Executed action AdminSite.Controllers.MenuController.QueryJson (AdminSite) in 207.3706ms
2017-09-14 16:31:01.646  Information  Microsoft.AspNetCore.Hosting.Internal.WebHost  Information: Request finished in 244.6119ms 200 application/json; charset=utf-8
